[31mfatal[39m: Sun Sep 01 2024; Error: Carrito; /66d242bf26c269116ace2790
[31mfatal[39m: Sun Sep 01 2024; TypeError: Cannot read properties of undefined (reading 'email'); /logout?
[31mfatal[39m: Sun Sep 01 2024; Error: Ticket; /66d4b0dff14a4d4562d04041/purchase
[31mfatal[39m: Sun Sep 01 2024; Error: Ticket; /66d4b0dff14a4d4562d04041/purchase
[31mfatal[39m: Sun Sep 01 2024; Error: Ticket; /66d4b0dff14a4d4562d04041/purchase
[31mfatal[39m: Sun Sep 01 2024; Error: Ticket; /66d4b0dff14a4d4562d04041/purchase
[31mfatal[39m: Sun Sep 01 2024; Error: Ticket; /66d4b0dff14a4d4562d04041/purchase
[31mfatal[39m: Sun Sep 01 2024; Error: Ticket; /66d4b0dff14a4d4562d04041/purchase
[31mfatal[39m: Sun Sep 01 2024; Error: Ticket; /66d4b0dff14a4d4562d04041/purchase
[31mfatal[39m: Sun Sep 01 2024; Error: Ticket; /66d4b0dff14a4d4562d04041/purchase
[31mfatal[39m: Sun Sep 01 2024; Error: Ticket; /66d4b0dff14a4d4562d04041/purchase
[31mfatal[39m: Sun Sep 01 2024; Error: Ticket; /66d4b0dff14a4d4562d04041/purchase
[31mfatal[39m: Sun Sep 01 2024; Error: Ticket; /66d4b0dff14a4d4562d04041/purchase
[31mfatal[39m: Sun Sep 01 2024; TypeError: TicketDTO.addAutoGenerate is not a function; /66d4b0dff14a4d4562d04041/purchase
[31mfatal[39m: Sun Sep 01 2024; Error: [createTicket]: [Service::MDB]: tickets validation failed: purchaser: Path `purchaser` is required., amount: Path `amount` is required., purchase_datetime: Path `purchase_datetime` is required., code: Path `code` is required.; /66d4b0dff14a4d4562d04041/purchase
[31mfatal[39m: Sun Sep 01 2024; Error: [createTicket]: [Service::MDB]: tickets validation failed: purchaser: Path `purchaser` is required., amount: Path `amount` is required., purchase_datetime: Path `purchase_datetime` is required., code: Path `code` is required.; /66d4b0dff14a4d4562d04041/purchase
[31mfatal[39m: Sun Sep 01 2024; Error: [createTicket]: [Service::MDB]: tickets validation failed: purchaser: Path `purchaser` is required., amount: Path `amount` is required., purchase_datetime: Path `purchase_datetime` is required., code: Path `code` is required.; /66d4b0dff14a4d4562d04041/purchase
[31mfatal[39m: Sun Sep 01 2024; TypeError: ticketGen.splice is not a function; /66d4b0dff14a4d4562d04041/purchase
[33merror[39m: Mon Sep 02 2024; TypeError: Cannot read properties of undefined (reading 'email'); /logout?
[33merror[39m: Mon Sep 02 2024; TypeError: Cannot read properties of undefined (reading 'email'); /logout?
[33merror[39m: Mon Sep 02 2024; ReferenceError: myTicket is not defined; /restore
[33merror[39m: Mon Sep 02 2024; ReferenceError: myTicket is not defined; /restore
[33merror[39m: Mon Sep 02 2024; ReferenceError: myTicket is not defined; /restore
[33merror[39m: Mon Sep 02 2024; ReferenceError: myTicket is not defined; /restore
[33merror[39m: Mon Sep 02 2024; Error [ERR_HTTP_HEADERS_SENT]: Cannot set headers after they are sent to the client; /restore
[33merror[39m: Mon Sep 02 2024; Error; /restorecallback
[33merror[39m: Mon Sep 02 2024; TypeError: Cannot read properties of undefined (reading 'email'); /restorecallback
[33merror[39m: Mon Sep 02 2024; TypeError: Cannot read properties of undefined (reading 'email'); /restorecallback
[33merror[39m: Mon Sep 02 2024; TypeError: Cannot read properties of undefined (reading 'email'); /restorecallback
[33merror[39m: Mon Sep 02 2024; TypeError: Cannot read properties of undefined (reading 'email'); /restorecallback
[33merror[39m: Mon Sep 02 2024; TypeError: Cannot read properties of undefined (reading 'email'); /restorecallback
[33merror[39m: Mon Sep 02 2024; TypeError: Cannot read properties of undefined (reading 'email'); /restorecallback
[33merror[39m: Mon Sep 02 2024; TypeError: Cannot read properties of undefined (reading 'email'); /restorecallback
[33merror[39m: Mon Sep 02 2024; TypeError: Cannot read properties of undefined (reading 'docs'); /products
[33merror[39m: Tue Sep 03 2024; Error: 66d242bf26c269116ace2790; /66d242bf26c269116ace2790/purchase
